<?xml version="1.0" encoding="UTF-8"?>
<!-- Generated by org.testng.reporters.JUnitReportReporter -->
<testsuite hostname="DESKTOP-IRGFCVK" failures="0" tests="2" name="rahulshettyacadamy.tests.SubmitOrderTest" time="33.018" errors="0" timestamp="2025-08-30T18:03:16 IST" skipped="0">
  <testcase classname="rahulshettyacadamy.tests.SubmitOrderTest" name="orderHistoryTest" time="9.462"/>
  <testcase classname="rahulshettyacadamy.tests.SubmitOrderTest" name="submitOrder" time="23.556"/>
</testsuite> <!-- rahulshettyacadamy.tests.SubmitOrderTest -->
